[07-Sep-2022 16:41:53 UTC] PHP Warning:  PHP Startup: Unable to load dynamic library 'php_imagick.dll' (tried: C:/Users/DasSpeed/AppData/Local/Programs/Local/resources/extraResources/lightning-services/php-7.4.1+18/bin/win64/ext\php_imagick.dll (The specified module could not be found.), C:/Users/DasSpeed/AppData/Local/Programs/Local/resources/extraResources/lightning-services/php-7.4.1+18/bin/win64/ext\php_php_imagick.dll.dll (The specified module could not be found.)) in Unknown on line 0
[07-Sep-2022 16:41:53 UTC] PHP Warning:  PHP Startup: Unable to load dynamic library 'php_imagick.dll' (tried: C:/Users/DasSpeed/AppData/Local/Programs/Local/resources/extraResources/lightning-services/php-7.4.1+18/bin/win64/ext\php_imagick.dll (The specified module could not be found.), C:/Users/DasSpeed/AppData/Local/Programs/Local/resources/extraResources/lightning-services/php-7.4.1+18/bin/win64/ext\php_php_imagick.dll.dll (The specified module could not be found.)) in Unknown on line 0
[07-Sep-2022 16:41:53 UTC] PHP Warning:  PHP Startup: Unable to load dynamic library 'php_imagick.dll' (tried: C:/Users/DasSpeed/AppData/Local/Programs/Local/resources/extraResources/lightning-services/php-7.4.1+18/bin/win64/ext\php_imagick.dll (The specified module could not be found.), C:/Users/DasSpeed/AppData/Local/Programs/Local/resources/extraResources/lightning-services/php-7.4.1+18/bin/win64/ext\php_php_imagick.dll.dll (The specified module could not be found.)) in Unknown on line 0
[07-Sep-2022 16:41:53 UTC] PHP Warning:  PHP Startup: Unable to load dynamic library 'php_imagick.dll' (tried: C:/Users/DasSpeed/AppData/Local/Programs/Local/resources/extraResources/lightning-services/php-7.4.1+18/bin/win64/ext\php_imagick.dll (The specified module could not be found.), C:/Users/DasSpeed/AppData/Local/Programs/Local/resources/extraResources/lightning-services/php-7.4.1+18/bin/win64/ext\php_php_imagick.dll.dll (The specified module could not be found.)) in Unknown on line 0
[08-Sep-2022 18:24:56 UTC] PHP Parse error:  syntax error, unexpected '<', expecting end of file in C:\Users\DasSpeed\Local Sites\wordpressthemepractice\app\public\wp-content\themes\practiceTheme\front-page.php on line 21
[08-Sep-2022 19:01:34 UTC] PHP Parse error:  syntax error, unexpected ''items_wrap'' (T_CONSTANT_ENCAPSED_STRING), expecting ')' in C:\Users\DasSpeed\Local Sites\wordpressthemepractice\app\public\wp-content\themes\practiceTheme\header.php on line 40
[12-Sep-2022 15:01:12 UTC] PHP Parse error:  syntax error, unexpected '}' in C:\Users\DasSpeed\Local Sites\wordpressthemepractice\app\public\wp-content\themes\practiceTheme\comments.php on line 17
[12-Sep-2022 15:01:55 UTC] PHP Parse error:  syntax error, unexpected '}' in C:\Users\DasSpeed\Local Sites\wordpressthemepractice\app\public\wp-content\themes\practiceTheme\comments.php on line 17
[12-Sep-2022 15:13:34 UTC] PHP Parse error:  syntax error, unexpected ';', expecting ')' in C:\Users\DasSpeed\Local Sites\wordpressthemepractice\app\public\wp-content\themes\practiceTheme\comments.php on line 32
[12-Sep-2022 15:13:53 UTC] PHP Fatal error:  Uncaught Error: Call to undefined function comments_form() in C:\Users\DasSpeed\Local Sites\wordpressthemepractice\app\public\wp-content\themes\practiceTheme\comments.php:45
Stack trace:
#0 C:\Users\DasSpeed\Local Sites\wordpressthemepractice\app\public\wp-includes\comment-template.php(1556): require()
#1 C:\Users\DasSpeed\Local Sites\wordpressthemepractice\app\public\wp-content\themes\practiceTheme\template-parts\content-article.php(18): comments_template()
#2 C:\Users\DasSpeed\Local Sites\wordpressthemepractice\app\public\wp-includes\template.php(772): require('C:\\Users\\DasSpe...')
#3 C:\Users\DasSpeed\Local Sites\wordpressthemepractice\app\public\wp-includes\template.php(716): load_template('C:\\Users\\DasSpe...', false, Array)
#4 C:\Users\DasSpeed\Local Sites\wordpressthemepractice\app\public\wp-includes\general-template.php(204): locate_template(Array, true, false, Array)
#5 C:\Users\DasSpeed\Local Sites\wordpressthemepractice\app\public\wp-content\themes\practiceTheme\single.php(16): get_template_part in C:\Users\DasSpeed\Local Sites\wordpressthemepractice\app\public\wp-content\themes\practiceTheme\comments.php on line 45
[12-Sep-2022 15:15:59 UTC] PHP Fatal error:  Uncaught Error: Call to undefined function get_comments_count() in C:\Users\DasSpeed\Local Sites\wordpressthemepractice\app\public\wp-content\themes\practiceTheme\comments.php:16
Stack trace:
#0 C:\Users\DasSpeed\Local Sites\wordpressthemepractice\app\public\wp-includes\comment-template.php(1556): require()
#1 C:\Users\DasSpeed\Local Sites\wordpressthemepractice\app\public\wp-content\themes\practiceTheme\template-parts\content-article.php(18): comments_template()
#2 C:\Users\DasSpeed\Local Sites\wordpressthemepractice\app\public\wp-includes\template.php(772): require('C:\\Users\\DasSpe...')
#3 C:\Users\DasSpeed\Local Sites\wordpressthemepractice\app\public\wp-includes\template.php(716): load_template('C:\\Users\\DasSpe...', false, Array)
#4 C:\Users\DasSpeed\Local Sites\wordpressthemepractice\app\public\wp-includes\general-template.php(204): locate_template(Array, true, false, Array)
#5 C:\Users\DasSpeed\Local Sites\wordpressthemepractice\app\public\wp-content\themes\practiceTheme\single.php(16): get_template in C:\Users\DasSpeed\Local Sites\wordpressthemepractice\app\public\wp-content\themes\practiceTheme\comments.php on line 16
[12-Sep-2022 16:59:34 UTC] PHP Parse error:  syntax error, unexpected 'lukewidget_areas' (T_STRING) in C:\Users\DasSpeed\Local Sites\wordpressthemepractice\app\public\wp-content\themes\practiceTheme\functions.php on line 48
[12-Sep-2022 16:59:36 UTC] PHP Parse error:  syntax error, unexpected 'lukewidget_areas' (T_STRING) in C:\Users\DasSpeed\Local Sites\wordpressthemepractice\app\public\wp-content\themes\practiceTheme\functions.php on line 48
[12-Sep-2022 17:51:28 UTC] PHP Warning:  Use of undefined constant dynamic_sidebar - assumed 'dynamic_sidebar' (this will throw an Error in a future version of PHP) in C:\Users\DasSpeed\Local Sites\wordpressthemepractice\app\public\wp-content\themes\practiceTheme\header.php on line 70
[12-Sep-2022 17:51:28 UTC] PHP Stack trace:
[12-Sep-2022 17:51:28 UTC] PHP   1. {main}() C:\Users\DasSpeed\Local Sites\wordpressthemepractice\app\public\index.php:0
[12-Sep-2022 17:51:28 UTC] PHP   2. require() C:\Users\DasSpeed\Local Sites\wordpressthemepractice\app\public\index.php:17
[12-Sep-2022 17:51:28 UTC] PHP   3. require_once() C:\Users\DasSpeed\Local Sites\wordpressthemepractice\app\public\wp-blog-header.php:19
[12-Sep-2022 17:51:28 UTC] PHP   4. include() C:\Users\DasSpeed\Local Sites\wordpressthemepractice\app\public\wp-includes\template-loader.php:106
[12-Sep-2022 17:51:28 UTC] PHP   5. get_header() C:\Users\DasSpeed\Local Sites\wordpressthemepractice\app\public\wp-content\themes\practiceTheme\page.php:4
[12-Sep-2022 17:51:28 UTC] PHP   6. locate_template() C:\Users\DasSpeed\Local Sites\wordpressthemepractice\app\public\wp-includes\general-template.php:48
[12-Sep-2022 17:51:28 UTC] PHP   7. load_template() C:\Users\DasSpeed\Local Sites\wordpressthemepractice\app\public\wp-includes\template.php:716
[12-Sep-2022 17:51:28 UTC] PHP   8. require_once() C:\Users\DasSpeed\Local Sites\wordpressthemepractice\app\public\wp-includes\template.php:770
